<?xml version="1.0" encoding="UTF-8"?>
<testsuite xmlns:xsi="http://www.w3.org/2001/XMLSchema-instance" xsi:noNamespaceSchemaLocation="https://maven.apache.org/surefire/maven-surefire-plugin/xsd/surefire-test-report-3.0.xsd" version="3.0" name="org.example.CastToTypedMapTests" time="0.059" tests="3" errors="0" skipped="0" failures="0">
  <properties>
[...]
</properties>
  <testcase name="testGetRawMapBig" classname="org.example.CastToTypedMapTests" time="0.029"/>
  <testcase name="testGetRawMap" classname="org.example.CastToTypedMapTests" time="0.001"/>
  <testcase name="givenRawMap_whenCastToTypedMap_shouldHaveCompilerWarning" classname="org.example.CastToTypedMapTests" time="0.009">
    <system-out><![CDATA[{date 3=1976-11-18, date 2=1992-08-08, date 1=2021-02-10}
true
class java.util.HashMap
-------------

{date 3=1976-11-18, date 2=1992-08-08, date 1=2021-02-10}
class java.util.HashMap
true
-------------

date 3:1976-11-18
date 2:1992-08-08
date 1:2021-02-10
]]></system-out>
  </testcase>
</testsuite>